This is pdfeTeX, Version 3.141592-1.30.6-2.2 (MiKTeX 2.5) (preloaded format=pdflatex 2007.1.14)  8 FEB 2007 19:16
entering extended mode
**C:/temp5/verification/inst/doc/verification.tex
(C:\temp5\verification\inst\doc\verification.tex
LaTeX2e <2005/12/01>
Babel <v3.8g> and hyphenation patterns for english, dumylang, nohyphenation, ge
rman, ngerman, french, loaded.
("C:\Program Files\MiKTeX 2.5\tex\latex\base\article.cls"
Document Class: article 2005/09/16 v1.4f Standard LaTeX document class
("C:\Program Files\MiKTeX 2.5\tex\latex\base\size10.clo"
File: size10.clo 2005/09/16 v1.4f Standard LaTeX file (size option)
)
\c@part=\count79
\c@section=\count80
\c@subsection=\count81
\c@subsubsection=\count82
\c@paragraph=\count83
\c@subparagraph=\count84
\c@figure=\count85
\c@table=\count86
\abovecaptionskip=\skip41
\belowcaptionskip=\skip42
\bibindent=\dimen102
) ("C:\Program Files\MiKTeX 2.5\tex\latex\float\float.sty"
Package: float 2001/11/08 v1.3d Float enhancements (AL)
\c@float@type=\count87
\float@exts=\toks14
\float@box=\box26
\@float@everytoks=\toks15
\@floatcapt=\box27
) ("C:\Program Files\MiKTeX 2.5\tex\latex\natbib\natbib.sty"
Package: natbib 2006/09/06 7.4a (PWD)
\bibhang=\skip43
\bibsep=\skip44
LaTeX Info: Redefining \cite on input line 541.
\c@NAT@ctr=\count88
)
C:/temp5/verification/inst/doc/verification.tex:37: Missing \endcsname inserted
The control sequence marked <to be read again> should
not appear between \csname and \endcsname.



C:/temp5/verification/inst/doc/verification.tex:37: LaTeX Error: Missing \begin
{document}.

See the LaTeX manual or LaTeX Companion for explanation.
Type  H <return>  for immediate help
You're in trouble here.  Try typing  <return>  to proceed.
If that doesn't work, type  X <return>  to quit.


C:/temp5/verification/inst/doc/verification.tex:37: Extra \endcsname
I'm ignoring this, since I wasn't doing a \csname.


C:/temp5/verification/inst/doc/verification.tex:37: Missing \endcsname inserted
The control sequence marked <to be read again> should
not appear between \csname and \endcsname.


C:/temp5/verification/inst/doc/verification.tex:37: Extra \endcsname
I'm ignoring this, since I wasn't doing a \csname.


C:/temp5/verification/inst/doc/verification.tex:37: Missing \endcsname inserted
The control sequence marked <to be read again> should
not appear between \csname and \endcsname.


C:/temp5/verification/inst/doc/verification.tex:37: Extra \endcsname
I'm ignoring this, since I wasn't doing a \csname.


C:/temp5/verification/inst/doc/verification.tex:37: Missing \endcsname inserted
The control sequence marked <to be read again> should
not appear between \csname and \endcsname.


C:/temp5/verification/inst/doc/verification.tex:37: Missing \endcsname inserted
The control sequence marked <to be read again> should
not appear between \csname and \endcsname.


C:/temp5/verification/inst/doc/verification.tex:37: Extra \endcsname
I'm ignoring this, since I wasn't doing a \csname.


C:/temp5/verification/inst/doc/verification.tex:37: Missing \endcsname inserted
The control sequence marked <to be read again> should
not appear between \csname and \endcsname.


C:/temp5/verification/inst/doc/verification.tex:37: Extra \endcsname
I'm ignoring this, since I wasn't doing a \csname.


! LaTeX Error: File `c:/PROGRA\unhbox\voidb@x \penalty \@M \ {}1/r/R-25\unhbox\
voidb@x \penalty \@M \ {}1.0DE/share/texmf/Sweave.sty' not found.

Type X to quit or <RETURN> to proceed,
or enter new name. (Default extension: sty)

 Enter file name: 
C:\Program Files\MiKTeX 2.5\tex\latex\natbib\natbib.sty:37: Emergency stop
*** (cannot \read from terminal in nonstop modes)

 
Here is how much of TeX's memory you used:
 526 strings out of 95419
 5586 string characters out of 1187298
 53137 words of memory out of 1056837
 3745 multiletter control sequences out of 60000
 3640 words of font info for 14 fonts, out of 1000000 for 2000
 14 hyphenation exceptions out of 8191
 23i,0n,17p,211b,36s stack positions out of 5000i,500n,10000p,200000b,32768s
PDF statistics:
 0 PDF objects out of 300000
 0 named destinations out of 300000
 1 words of extra memory for PDF output out of 10000
No pages of output.
